INFO 2025-11-08T14:58:15 2025-11-08T14:58:15.036805 LOGIN START user_id=None
INFO 2025-11-08T14:58:15 2025-11-08T14:58:15.036805 LOGIN SUCCESS user_id=None username='alice'
INFO 2025-11-08T14:58:28 2025-11-08T14:58:28.337952 LOGIN START user_id=None
INFO 2025-11-08T14:58:28 2025-11-08T14:58:28.337952 LOGIN SUCCESS user_id=None username='test_user'
INFO 2025-11-08T14:58:37 2025-11-08T14:58:37.852445 BUY START user_id=1
INFO 2025-11-08T14:58:37 2025-11-08T14:58:37.852445 BUY SUCCESS user_id=1 currency='' amount=1.0000
INFO 2025-11-08T23:25:26 2025-11-08T23:25:26.472983 LOGIN START user_id=None
INFO 2025-11-08T23:25:26 2025-11-08T23:25:26.472983 LOGIN SUCCESS user_id=None username='bob'
INFO 2025-11-08T23:25:37 2025-11-08T23:25:37.857900 LOGIN START user_id=None
INFO 2025-11-08T23:25:37 2025-11-08T23:25:37.857900 LOGIN SUCCESS user_id=None username='bob'
INFO 2025-11-08T23:25:53 2025-11-08T23:25:53.453766 LOGIN START user_id=None
INFO 2025-11-08T23:25:53 2025-11-08T23:25:53.453766 LOGIN SUCCESS user_id=None username='bob'
INFO 2025-11-08T23:29:22 2025-11-08T23:29:22.318805 LOGIN START user_id=None
INFO 2025-11-08T23:29:22 2025-11-08T23:29:22.318805 LOGIN SUCCESS user_id=None username='alice'
INFO 2025-11-08T23:29:45 2025-11-08T23:29:45.564932 LOGIN START user_id=None
INFO 2025-11-08T23:29:45 2025-11-08T23:29:45.564932 LOGIN SUCCESS user_id=None username='bob'
INFO 2025-11-08T23:30:12 2025-11-08T23:30:12.794309 BUY START user_id=1
INFO 2025-11-08T23:30:12 2025-11-08T23:30:12.794309 BUY SUCCESS user_id=1 currency='BTC' amount=0.0500
INFO 2025-11-08T23:30:26 2025-11-08T23:30:26.806270 BUY START user_id=1
INFO 2025-11-08T23:30:26 2025-11-08T23:30:26.806270 BUY SUCCESS user_id=1 currency='USD' amount=500.0000
INFO 2025-11-08T23:30:51 2025-11-08T23:30:51.374497 BUY START user_id=1
INFO 2025-11-08T23:30:51 2025-11-08T23:30:51.374497 BUY SUCCESS user_id=1 currency='ABC' amount=3.0000
INFO 2025-11-08T23:31:03 2025-11-08T23:31:03.234342 BUY START user_id=1
INFO 2025-11-08T23:31:03 2025-11-08T23:31:03.234342 BUY SUCCESS user_id=1 currency='BTC' amount=0.0000
INFO 2025-11-08T23:31:16 2025-11-08T23:31:16.346293 BUY START user_id=1
INFO 2025-11-08T23:31:16 2025-11-08T23:31:16.346293 BUY SUCCESS user_id=1 currency='BTC' amount=-3.0000
INFO 2025-11-08T23:40:20 2025-11-08T23:40:20.416636 LOGIN START user_id=None
INFO 2025-11-08T23:40:20 2025-11-08T23:40:20.416636 LOGIN SUCCESS user_id=None username='alice'
INFO 2025-11-08T23:40:29 2025-11-08T23:40:29.063633 BUY START user_id=2
INFO 2025-11-08T23:40:29 2025-11-08T23:40:29.063633 BUY SUCCESS user_id=2 currency='USD' amount=12.0000
INFO 2025-11-08T23:40:40 2025-11-08T23:40:40.698000 BUY START user_id=2
INFO 2025-11-08T23:40:40 2025-11-08T23:40:40.698000 BUY SUCCESS user_id=2 currency='BTC' amount=1.0000
